2026-06-10 21:48:45.020 EDT [9387] LOG:  starting PostgreSQL 18.4 (Postgres.app) on aarch64-apple-darwin23.6.0, compiled by Apple clang version 15.0.0 (clang-1500.3.9.4), 64-bit
2026-06-10 21:48:45.022 EDT [9387] LOG:  listening on IPv6 address "::1", port 5434
2026-06-10 21:48:45.022 EDT [9387] LOG:  listening on IPv4 address "127.0.0.1", port 5434
2026-06-10 21:48:45.022 EDT [9387] LOG:  listening on Unix socket "/tmp/.s.PGSQL.5434"
2026-06-10 21:48:45.024 EDT [9393] LOG:  database system was shut down at 2026-06-10 21:48:44 EDT
2026-06-10 21:48:45.025 EDT [9387] LOG:  database system is ready to accept connections
2026-06-10 21:48:53.180 EDT [9387] LOG:  received fast shutdown request
2026-06-10 21:48:53.181 EDT [9387] LOG:  aborting any active transactions
2026-06-10 21:48:53.184 EDT [9387] LOG:  background worker "logical replication launcher" (PID 9396) exited with exit code 1
2026-06-10 21:48:53.184 EDT [9391] LOG:  shutting down
2026-06-10 21:48:53.185 EDT [9391] LOG:  checkpoint starting: shutdown immediate
2026-06-10 21:48:53.217 EDT [9391] LOG:  checkpoint complete: wrote 963 buffers (5.9%), wrote 3 SLRU buffers; 0 WAL file(s) added, 0 removed, 0 recycled; write=0.020 s, sync=0.010 s, total=0.033 s; sync files=310, longest=0.001 s, average=0.001 s; distance=4438 kB, estimate=4438 kB; lsn=0/1BDC840, redo lsn=0/1BDC840
2026-06-10 21:48:53.221 EDT [9387] LOG:  database system is shut down
2026-06-10 21:50:09.699 EDT [9433] LOG:  starting PostgreSQL 18.4 (Postgres.app) on aarch64-apple-darwin23.6.0, compiled by Apple clang version 15.0.0 (clang-1500.3.9.4), 64-bit
2026-06-10 21:50:09.701 EDT [9433] LOG:  listening on IPv6 address "::1", port 5433
2026-06-10 21:50:09.701 EDT [9433] LOG:  listening on IPv4 address "127.0.0.1", port 5433
2026-06-10 21:50:09.702 EDT [9433] LOG:  listening on Unix socket "/tmp/.s.PGSQL.5433"
2026-06-10 21:50:09.705 EDT [9439] LOG:  database system was shut down at 2026-06-10 21:49:54 EDT
2026-06-10 21:50:09.708 EDT [9433] LOG:  database system is ready to accept connections
2026-06-10 21:55:09.710 EDT [9437] LOG:  checkpoint starting: time
2026-06-10 21:55:14.340 EDT [9437] LOG:  checkpoint complete: wrote 45 buffers (0.3%), wrote 3 SLRU buffers; 1 WAL file(s) added, 0 removed, 0 recycled; write=4.581 s, sync=0.005 s, total=4.631 s; sync files=12, longest=0.001 s, average=0.001 s; distance=337 kB, estimate=337 kB; lsn=0/1C317A8, redo lsn=0/1C31718
2026-06-10 22:37:48.720 EDT [9433] LOG:  received fast shutdown request
2026-06-10 22:37:48.721 EDT [9433] LOG:  aborting any active transactions
2026-06-10 22:37:48.725 EDT [9433] LOG:  background worker "logical replication launcher" (PID 9442) exited with exit code 1
2026-06-10 22:37:48.725 EDT [9437] LOG:  shutting down
2026-06-10 22:37:48.727 EDT [9437] LOG:  checkpoint starting: shutdown immediate
2026-06-10 22:37:48.734 EDT [9437] LOG:  checkpoint complete: wrote 0 buffers (0.0%), wrote 0 SLRU buffers; 0 WAL file(s) added, 0 removed, 0 recycled; write=0.003 s, sync=0.001 s, total=0.008 s; sync files=0, longest=0.000 s, average=0.000 s; distance=0 kB, estimate=303 kB; lsn=0/1C31858, redo lsn=0/1C31858
2026-06-10 22:37:48.741 EDT [9433] LOG:  database system is shut down
2026-06-10 22:38:07.697 EDT [19849] LOG:  starting PostgreSQL 18.4 (Postgres.app) on aarch64-apple-darwin23.6.0, compiled by Apple clang version 15.0.0 (clang-1500.3.9.4), 64-bit
2026-06-10 22:38:07.698 EDT [19849] LOG:  listening on IPv6 address "::1", port 5433
2026-06-10 22:38:07.698 EDT [19849] LOG:  listening on IPv4 address "127.0.0.1", port 5433
2026-06-10 22:38:07.698 EDT [19849] LOG:  listening on Unix socket "/tmp/.s.PGSQL.5433"
2026-06-10 22:38:07.702 EDT [19855] LOG:  database system was shut down at 2026-06-10 22:38:05 EDT
2026-06-10 22:38:07.703 EDT [19849] LOG:  database system is ready to accept connections
2026-06-10 22:43:07.709 EDT [19853] LOG:  checkpoint starting: time
2026-06-10 22:43:07.844 EDT [19853] LOG:  checkpoint complete: wrote 1 buffers (0.0%), wrote 3 SLRU buffers; 0 WAL file(s) added, 0 removed, 0 recycled; write=0.112 s, sync=0.001 s, total=0.136 s; sync files=3, longest=0.001 s, average=0.001 s; distance=2 kB, estimate=2 kB; lsn=0/1C32FD0, redo lsn=0/1C32F78
2026-06-10 22:43:40.311 EDT [21322] FATAL:  role "etl_user" does not exist
2026-06-10 22:53:07.860 EDT [19853] LOG:  checkpoint starting: time
2026-06-10 22:54:46.037 EDT [19853] LOG:  checkpoint complete: wrote 970 buffers (5.9%), wrote 1 SLRU buffers; 0 WAL file(s) added, 0 removed, 1 recycled; write=98.145 s, sync=0.026 s, total=98.178 s; sync files=308, longest=0.002 s, average=0.001 s; distance=4446 kB, estimate=4446 kB; lsn=0/208ABE8, redo lsn=0/208AB58
2026-06-11 03:59:28.042 EDT [31844] FATAL:  database "etluser=etl_user" does not exist
2026-06-11 04:00:08.190 EDT [32004] FATAL:  database "etluser=etl_user" does not exist
2026-06-11 04:28:59.506 EDT [35163] ERROR:  permission denied for schema public at character 42
2026-06-11 04:28:59.506 EDT [35163] STATEMENT:   
	            CREATE TABLE IF NOT EXISTS people
	              ( id SERIAL PRIMARY KEY, 
	                name TEXT, 
	                age INT )
	                
2026-06-11 04:29:26.050 EDT [35266] ERROR:  permission denied for schema public at character 42
2026-06-11 04:29:26.050 EDT [35266] STATEMENT:   
	            CREATE TABLE IF NOT EXISTS people ( 
	                id SERIAL PRIMARY KEY, 
	                name TEXT, 
	                age INT )
	                
2026-06-11 04:31:40.242 EDT [35475] ERROR:  permission denied for schema public at character 42
2026-06-11 04:31:40.242 EDT [35475] STATEMENT:   
	            CREATE TABLE IF NOT EXISTS people ( 
	                id SERIAL PRIMARY KEY, 
	                name TEXT, 
	                age INT )
	                
2026-06-11 04:33:16.627 EDT [19853] LOG:  checkpoint starting: time
2026-06-11 04:33:16.750 EDT [19853] LOG:  checkpoint complete: wrote 1 buffers (0.0%), wrote 0 SLRU buffers; 0 WAL file(s) added, 0 removed, 0 recycled; write=0.108 s, sync=0.001 s, total=0.125 s; sync files=1, longest=0.001 s, average=0.001 s; distance=0 kB, estimate=4002 kB; lsn=0/208AE58, redo lsn=0/208AE00
2026-06-11 04:45:07.097 EDT [44438] ERROR:  relation "information_schema.role_schema_grants" does not exist at character 37
2026-06-11 04:45:07.097 EDT [44438] STATEMENT:  SELECT grantee, privilege_type
	FROM information_schema.role_schema_grants
	WHERE schema_name = 'public'
	  AND grantee = 'etl_user';
2026-06-11 04:48:16.777 EDT [19853] LOG:  checkpoint starting: time
2026-06-11 04:48:22.127 EDT [19853] LOG:  checkpoint complete: wrote 52 buffers (0.3%), wrote 1 SLRU buffers; 0 WAL file(s) added, 0 removed, 0 recycled; write=5.338 s, sync=0.006 s, total=5.352 s; sync files=46, longest=0.001 s, average=0.001 s; distance=183 kB, estimate=3620 kB; lsn=0/20B8C90, redo lsn=0/20B8C00
2026-06-11 04:53:16.137 EDT [19853] LOG:  checkpoint starting: time
2026-06-11 04:53:20.474 EDT [19853] LOG:  checkpoint complete: wrote 42 buffers (0.3%), wrote 1 SLRU buffers; 0 WAL file(s) added, 0 removed, 0 recycled; write=4.317 s, sync=0.008 s, total=4.339 s; sync files=41, longest=0.002 s, average=0.001 s; distance=172 kB, estimate=3275 kB; lsn=0/20E4040, redo lsn=0/20E3F98
2026-06-11 04:58:16.373 EDT [19849] LOG:  received smart shutdown request
2026-06-11 04:58:16.377 EDT [19849] LOG:  background worker "logical replication launcher" (PID 19858) exited with exit code 1
2026-06-11 04:58:16.378 EDT [19853] LOG:  shutting down
2026-06-11 04:58:16.379 EDT [19853] LOG:  checkpoint starting: shutdown immediate
2026-06-11 04:58:16.393 EDT [19853] LOG:  checkpoint complete: wrote 5 buffers (0.0%), wrote 1 SLRU buffers; 0 WAL file(s) added, 0 removed, 0 recycled; write=0.005 s, sync=0.002 s, total=0.015 s; sync files=5, longest=0.001 s, average=0.001 s; distance=1 kB, estimate=2948 kB; lsn=0/20E4528, redo lsn=0/20E4528
2026-06-11 04:58:16.409 EDT [19849] LOG:  database system is shut down
2026-06-21 19:39:58.482 EDT [84864] LOG:  starting PostgreSQL 18.4 (Postgres.app) on aarch64-apple-darwin23.6.0, compiled by Apple clang version 15.0.0 (clang-1500.3.9.4), 64-bit
2026-06-21 19:39:58.483 EDT [84864] LOG:  listening on IPv6 address "::1", port 5433
2026-06-21 19:39:58.483 EDT [84864] LOG:  listening on IPv4 address "127.0.0.1", port 5433
2026-06-21 19:39:58.483 EDT [84864] LOG:  listening on Unix socket "/tmp/.s.PGSQL.5433"
2026-06-21 19:39:58.489 EDT [84870] LOG:  database system was shut down at 2026-06-11 04:58:16 EDT
2026-06-21 19:39:58.494 EDT [84864] LOG:  database system is ready to accept connections
2026-06-21 19:40:09.239 EDT [84962] ERROR:  relation "football.players" does not exist
2026-06-21 19:40:09.239 EDT [84962] STATEMENT:  
	            CREATE TABLE IF NOT EXISTS goals ( 
	                        goal_id SERIAL PRIMARY KEY, 
	                        match_id INT NOT NULL, 
	                        player_id INT NOT NULL, 
	                        minute_scored INT NOT NULL, 
	                        is_penalty BOOLEAN, 
	                        FOREIGN KEY (match_id) REFERENCES football.matches(match_id),
	                        FOREIGN KEY (player_id) REFERENCES football.players(player_id)
	                       )
	                       
2026-06-21 19:44:21.357 EDT [85835] ERROR:  must be owner of schema public
2026-06-21 19:44:21.357 EDT [85835] STATEMENT:  DROP SCHEMA public CASCADE
2026-06-21 19:44:58.497 EDT [84868] LOG:  checkpoint starting: time
2026-06-21 19:45:07.811 EDT [84868] LOG:  checkpoint complete: wrote 91 buffers (0.6%), wrote 3 SLRU buffers; 0 WAL file(s) added, 0 removed, 0 recycled; write=9.247 s, sync=0.012 s, total=9.315 s; sync files=84, longest=0.002 s, average=0.001 s; distance=523 kB, estimate=523 kB; lsn=0/2167548, redo lsn=0/21674B8
2026-06-22 01:00:58.235 EDT [84864] LOG:  received smart shutdown request
2026-06-22 01:00:58.241 EDT [84864] LOG:  background worker "logical replication launcher" (PID 84874) exited with exit code 1
2026-06-22 01:00:58.241 EDT [84868] LOG:  shutting down
2026-06-22 01:00:58.243 EDT [84868] LOG:  checkpoint starting: shutdown immediate
2026-06-22 01:00:58.251 EDT [84868] LOG:  checkpoint complete: wrote 0 buffers (0.0%), wrote 0 SLRU buffers; 0 WAL file(s) added, 0 removed, 0 recycled; write=0.003 s, sync=0.001 s, total=0.010 s; sync files=0, longest=0.000 s, average=0.000 s; distance=0 kB, estimate=471 kB; lsn=0/21675F8, redo lsn=0/21675F8
2026-06-22 01:00:58.265 EDT [84864] LOG:  database system is shut down
2026-06-22 19:11:08.282 EDT [41598] LOG:  starting PostgreSQL 18.4 (Postgres.app) on aarch64-apple-darwin23.6.0, compiled by Apple clang version 15.0.0 (clang-1500.3.9.4), 64-bit
2026-06-22 19:11:08.285 EDT [41598] LOG:  listening on IPv6 address "::1", port 5433
2026-06-22 19:11:08.285 EDT [41598] LOG:  listening on IPv4 address "127.0.0.1", port 5433
2026-06-22 19:11:08.285 EDT [41598] LOG:  listening on Unix socket "/tmp/.s.PGSQL.5433"
2026-06-22 19:11:08.288 EDT [41605] LOG:  database system was shut down at 2026-06-22 01:00:58 EDT
2026-06-22 19:11:08.292 EDT [41598] LOG:  database system is ready to accept connections
2026-06-22 19:16:08.297 EDT [41603] LOG:  checkpoint starting: time
2026-06-22 19:16:08.357 EDT [41603] LOG:  checkpoint complete: wrote 0 buffers (0.0%), wrote 3 SLRU buffers; 0 WAL file(s) added, 0 removed, 0 recycled; write=0.015 s, sync=0.001 s, total=0.060 s; sync files=2, longest=0.001 s, average=0.001 s; distance=0 kB, estimate=0 kB; lsn=0/2167700, redo lsn=0/21676A8
